<?xml version="1.0" encoding="UTF-8"?>
<testsuite xmlns:xsi="http://www.w3.org/2001/XMLSchema-instance" xsi:noNamespaceSchemaLocation="https://maven.apache.org/surefire/maven-surefire-plugin/xsd/surefire-test-report.xsd" name="org.example.CalcTest" time="0.031" tests="1" errors="0" skipped="0" failures="0">
  <properties>
    <property name="java.specification.version" value="23"/>
    <property name="sun.cpu.isalist" value="amd64"/>
    <property name="sun.jnu.encoding" value="GBK"/>
    <property name="java.class.path" value="D:\桌面\梅西课程159251\Tutorial\4\tutorial4-main\target\test-classes;D:\桌面\梅西课程159251\Tutorial\4\tutorial4-main\target\classes;D:\aSOFTWARE\apache-maven-3.9.9\local_repository\org\junit\jupiter\junit-jupiter-engine\5.4.0\junit-jupiter-engine-5.4.0.jar;D:\aSOFTWARE\apache-maven-3.9.9\local_repository\org\apiguardian\apiguardian-api\1.0.0\apiguardian-api-1.0.0.jar;D:\aSOFTWARE\apache-maven-3.9.9\local_repository\org\junit\platform\junit-platform-engine\1.4.0\junit-platform-engine-1.4.0.jar;D:\aSOFTWARE\apache-maven-3.9.9\local_repository\org\opentest4j\opentest4j\1.1.1\opentest4j-1.1.1.jar;D:\aSOFTWARE\apache-maven-3.9.9\local_repository\org\junit\platform\junit-platform-commons\1.4.0\junit-platform-commons-1.4.0.jar;D:\aSOFTWARE\apache-maven-3.9.9\local_repository\org\junit\jupiter\junit-jupiter-api\5.4.0\junit-jupiter-api-5.4.0.jar;D:\aSOFTWARE\apache-maven-3.9.9\local_repository\org\junit\jupiter\junit-jupiter\5.11.0\junit-jupiter-5.11.0.jar;D:\aSOFTWARE\apache-maven-3.9.9\local_repository\org\junit\jupiter\junit-jupiter-params\5.11.0\junit-jupiter-params-5.11.0.jar;"/>
    <property name="java.vm.vendor" value="Oracle Corporation"/>
    <property name="sun.arch.data.model" value="64"/>
    <property name="user.variant" value=""/>
    <property name="java.vendor.url" value="https://java.oracle.com/"/>
    <property name="user.timezone" value="Asia/Shanghai"/>
    <property name="os.name" value="Windows 11"/>
    <property name="java.vm.specification.version" value="23"/>
    <property name="sun.java.launcher" value="SUN_STANDARD"/>
    <property name="user.country" value="CN"/>
    <property name="sun.boot.library.path" value="C:\Users\36814\.jdks\openjdk-23\bin"/>
    <property name="sun.java.command" value="C:\Users\36814\AppData\Local\Temp\surefire12188768973872439918\surefirebooter17256163935988056049.jar C:\Users\36814\AppData\Local\Temp\surefire12188768973872439918 2024-09-25T15-18-35_510-jvmRun1 surefire12885960666263376662tmp surefire_017205104077100119923tmp"/>
    <property name="jdk.debug" value="release"/>
    <property name="surefire.test.class.path" value="D:\桌面\梅西课程159251\Tutorial\4\tutorial4-main\target\test-classes;D:\桌面\梅西课程159251\Tutorial\4\tutorial4-main\target\classes;D:\aSOFTWARE\apache-maven-3.9.9\local_repository\org\junit\jupiter\junit-jupiter-engine\5.4.0\junit-jupiter-engine-5.4.0.jar;D:\aSOFTWARE\apache-maven-3.9.9\local_repository\org\apiguardian\apiguardian-api\1.0.0\apiguardian-api-1.0.0.jar;D:\aSOFTWARE\apache-maven-3.9.9\local_repository\org\junit\platform\junit-platform-engine\1.4.0\junit-platform-engine-1.4.0.jar;D:\aSOFTWARE\apache-maven-3.9.9\local_repository\org\opentest4j\opentest4j\1.1.1\opentest4j-1.1.1.jar;D:\aSOFTWARE\apache-maven-3.9.9\local_repository\org\junit\platform\junit-platform-commons\1.4.0\junit-platform-commons-1.4.0.jar;D:\aSOFTWARE\apache-maven-3.9.9\local_repository\org\junit\jupiter\junit-jupiter-api\5.4.0\junit-jupiter-api-5.4.0.jar;D:\aSOFTWARE\apache-maven-3.9.9\local_repository\org\junit\jupiter\junit-jupiter\5.11.0\junit-jupiter-5.11.0.jar;D:\aSOFTWARE\apache-maven-3.9.9\local_repository\org\junit\jupiter\junit-jupiter-params\5.11.0\junit-jupiter-params-5.11.0.jar;"/>
    <property name="sun.cpu.endian" value="little"/>
    <property name="user.home" value="C:\Users\36814"/>
    <property name="user.language" value="zh"/>
    <property name="java.specification.vendor" value="Oracle Corporation"/>
    <property name="java.version.date" value="2024-09-17"/>
    <property name="java.home" value="C:\Users\36814\.jdks\openjdk-23"/>
    <property name="file.separator" value="\"/>
    <property name="basedir" value="D:\桌面\梅西课程159251\Tutorial\4\tutorial4-main"/>
    <property name="java.vm.compressedOopsMode" value="Zero based"/>
    <property name="line.separator" value="&#10;"/>
    <property name="java.vm.specification.vendor" value="Oracle Corporation"/>
    <property name="java.specification.name" value="Java Platform API Specification"/>
    <property name="surefire.real.class.path" value="C:\Users\36814\AppData\Local\Temp\surefire12188768973872439918\surefirebooter17256163935988056049.jar"/>
    <property name="user.script" value=""/>
    <property name="sun.management.compiler" value="HotSpot 64-Bit Tiered Compilers"/>
    <property name="java.runtime.version" value="23+37-2369"/>
    <property name="user.name" value="36814"/>
    <property name="stdout.encoding" value="GBK"/>
    <property name="path.separator" value=";"/>
    <property name="os.version" value="10.0"/>
    <property name="java.runtime.name" value="OpenJDK Runtime Environment"/>
    <property name="file.encoding" value="UTF-8"/>
    <property name="java.vm.name" value="OpenJDK 64-Bit Server VM"/>
    <property name="localRepository" value="D:\aSOFTWARE\apache-maven-3.9.9\local_repository"/>
    <property name="java.vendor.url.bug" value="https://bugreport.java.com/bugreport/"/>
    <property name="java.io.tmpdir" value="C:\Users\36814\AppData\Local\Temp\"/>
    <property name="idea.version" value="2023.3.8"/>
    <property name="java.version" value="23"/>
    <property name="user.dir" value="D:\桌面\梅西课程159251\Tutorial\4\tutorial4-main"/>
    <property name="os.arch" value="amd64"/>
    <property name="java.vm.specification.name" value="Java Virtual Machine Specification"/>
    <property name="sun.os.patch.level" value=""/>
    <property name="native.encoding" value="GBK"/>
    <property name="java.library.path" value="C:\Users\36814\.jdks\openjdk-23\bin;C:\WINDOWS\Sun\Java\bin;C:\WINDOWS\system32;C:\WINDOWS;C:\Program Files\Common Files\Oracle\Java\javapath;C:\WINDOWS\system32;C:\WINDOWS;C:\WINDOWS\System32\Wbem;C:\WINDOWS\System32\WindowsPowerShell\v1.0\;C:\WINDOWS\System32\OpenSSH\;C:\Program Files (x86)\Microsoft SQL Server\100\Tools\Binn\;C:\Program Files\Microsoft SQL Server\100\Tools\Binn\;C:\Program Files\Microsoft SQL Server\100\DTS\Binn\;C:\MinGW\mingw64\bin;C:\mingw64\bin;D:\software\Git\cmd;D:\aSOFTWARE\apache-maven-3.9.9\bin;C:\Program Files\Java\jdk-21\bin;C:\Users\36814\AppData\Local\Microsoft\WindowsApps;D:\Microsoft VS Code\bin;D:\software\Git;D:\software\Git\bin;;."/>
    <property name="java.vm.info" value="mixed mode, sharing"/>
    <property name="stderr.encoding" value="GBK"/>
    <property name="java.vendor" value="Oracle Corporation"/>
    <property name="java.vm.version" value="23+37-2369"/>
    <property name="sun.io.unicode.encoding" value="UnicodeLittle"/>
    <property name="maven.repo.local" value="D:\aSOFTWARE\apache-maven-3.9.9\local_repository"/>
    <property name="java.class.version" value="67.0"/>
  </properties>
  <testcase name="testAddition" classname="org.example.CalcTest" time="0.023"/>
</testsuite>